c:\users\eddub\documents\visual studio 2013\projects\sc\r2_sk_mm\debug\vc120.pdb
c:\users\eddub\documents\visual studio 2013\projects\sc\r2_sk_mm\debug\vc120.idb
c:\users\eddub\documents\visual studio 2013\projects\sc\r2_sk_mm\debug\event_scheduling.obj
c:\users\eddub\documents\visual studio 2013\projects\sc\r2_sk_mm\debug\events.obj
c:\users\eddub\documents\visual studio 2013\projects\sc\r2_sk_mm\debug\kanal.obj
c:\users\eddub\documents\visual studio 2013\projects\sc\r2_sk_mm\debug\port.obj
c:\users\eddub\documents\visual studio 2013\projects\sc\r2_sk_mm\debug\rng.obj
c:\users\eddub\documents\visual studio 2013\projects\sc\r2_sk_mm\debug\statek.obj
c:\users\eddub\documents\visual studio 2013\projects\sc\r2_sk_mm\debug\zrodlo.obj
c:\users\eddub\documents\visual studio 2013\projects\sc\r2_sk_mm\debug\kolejka.obj
c:\users\eddub\documents\visual studio 2013\projects\sc\r2_sk_mm\debug\sc.obj
c:\users\eddub\documents\visual studio 2013\projects\sc\debug\r2_sk_mm.ilk
c:\users\eddub\documents\visual studio 2013\projects\sc\debug\r2_sk_mm.exe
c:\users\eddub\documents\visual studio 2013\projects\sc\debug\r2_sk_mm.pdb
c:\users\eddub\documents\visual studio 2013\projects\sc\r2_sk_mm\debug\r2_sk_mm.tlog\cl.command.1.tlog
c:\users\eddub\documents\visual studio 2013\projects\sc\r2_sk_mm\debug\r2_sk_mm.tlog\cl.read.1.tlog
c:\users\eddub\documents\visual studio 2013\projects\sc\r2_sk_mm\debug\r2_sk_mm.tlog\cl.write.1.tlog
c:\users\eddub\documents\visual studio 2013\projects\sc\r2_sk_mm\debug\r2_sk_mm.tlog\link.command.1.tlog
c:\users\eddub\documents\visual studio 2013\projects\sc\r2_sk_mm\debug\r2_sk_mm.tlog\link.read.1.tlog
c:\users\eddub\documents\visual studio 2013\projects\sc\r2_sk_mm\debug\r2_sk_mm.tlog\link.write.1.tlog
