Build started 2018-05-18 23:31:58.
     1>Project "C:\Users\eddub\Documents\Visual Studio 2013\Projects\SC\r2_sk_mm\r2_sk_mm.vcxproj" on node 2 (Build target(s)).
     1>ClCompile:
         D:\Pliki programów (x86)\Microsoft Visual Studio 14.0\VC\bin\CL.exe /c /ZI /nologo /W3 /WX- /Od /Oy- /D WIN32 /D _DEBUG /D _CONSOLE /D _LIB /D _UNICODE /D UNICODE /Gm /EHsc /RTC1 /MDd /GS /fp:precise /Zc:wchar_t /Zc:forScope /Zc:inline /Fo"Debug\\" /Fd"Debug\vc140.pdb" /Gd /TP /analyze- /errorReport:prompt src\kanal.cpp
         kanal.cpp
       Link:
         D:\Pliki programów (x86)\Microsoft Visual Studio 14.0\VC\bin\link.exe /ERRORREPORT:PROMPT /OUT:"C:\Users\eddub\Documents\Visual Studio 2013\Projects\SC\Debug\r2_sk_mm.exe" /INCREMENTAL /NOLOGO kernel32.lib user32.lib gdi32.lib winspool.lib comdlg32.lib advapi32.lib shell32.lib ole32.lib oleaut32.lib uuid.lib odbc32.lib odbccp32.lib /MANIFEST /MANIFESTUAC:"level='asInvoker' uiAccess='false'" /manifest:embed /Debug /PDB:"C:\Users\eddub\Documents\Visual Studio 2013\Projects\SC\Debug\r2_sk_mm.pdb" /SUBSYSTEM:CONSOLE /TLBID:1 /DYNAMICBASE /NXCOMPAT /IMPLIB:"C:\Users\eddub\Documents\Visual Studio 2013\Projects\SC\Debug\r2_sk_mm.lib" /MACHINE:X86 Debug\confidence_interval_estimation.obj
         Debug\events.obj
         Debug\event_scheduling.obj
         Debug\kanal.obj
         Debug\kolejka.obj
         Debug\port.obj
         Debug\rng.obj
         Debug\sc.obj
         Debug\statek.obj
         Debug\symulacja.obj
         Debug\zrodlo.obj
         r2_sk_mm.vcxproj -> C:\Users\eddub\Documents\Visual Studio 2013\Projects\SC\Debug\r2_sk_mm.exe
     1>Done Building Project "C:\Users\eddub\Documents\Visual Studio 2013\Projects\SC\r2_sk_mm\r2_sk_mm.vcxproj" (Build target(s)).

Build succeeded.

Time Elapsed 00:00:03.46
